Flow report for lab2_register_file
Mon Oct  7 22:50:15 2019
Quartus II 64-Bit Version 13.0.1 Build 232 06/12/2013 Service Pack 1 SJ Web Edition


---------------------
; Table of Contents ;
---------------------
  1. Legal Notice
  2. Flow Summary
  3. Flow Settings
  4. Flow Non-Default Global Settings
  5. Flow Elapsed Time
  6. Flow OS Summary
  7. Flow Log
  8. Flow Messages
  9. Flow Suppressed Messages



----------------
; Legal Notice ;
----------------
Copyright (C) 1991-2013 Altera Corporation
Your use of Altera Corporation's design tools, logic functions 
and other software and tools, and its AMPP partner logic 
functions, and any output files from any of the foregoing 
(including device programming or simulation files), and any 
associated documentation or information are expressly subject 
to the terms and conditions of the Altera Program License 
Subscription Agreement, Altera MegaCore Function License 
Agreement, or other applicable license agreement, including, 
without limitation, that your use is for the sole purpose of 
programming logic devices manufactured by Altera and sold by 
Altera or its authorized distributors.  Please refer to the 
applicable agreement for further details.



+--------------------------------------------------------------------------------------+
; Flow Summary                                                                         ;
+------------------------------------+-------------------------------------------------+
; Flow Status                        ; Successful - Mon Oct  7 22:50:09 2019           ;
; Quartus II 64-Bit Version          ; 13.0.1 Build 232 06/12/2013 SP 1 SJ Web Edition ;
; Revision Name                      ; lab2_register_file                              ;
; Top-level Entity Name              ; register_lab2                                   ;
; Family                             ; Cyclone IV GX                                   ;
; Total logic elements               ; 1,526 / 21,280 ( 7 % )                          ;
;     Total combinational functions  ; 1,526 / 21,280 ( 7 % )                          ;
;     Dedicated logic registers      ; 1,024 / 21,280 ( 5 % )                          ;
; Total registers                    ; 1024                                            ;
; Total pins                         ; 114 / 167 ( 68 % )                              ;
; Total virtual pins                 ; 0                                               ;
; Total memory bits                  ; 0 / 774,144 ( 0 % )                             ;
; Embedded Multiplier 9-bit elements ; 0 / 80 ( 0 % )                                  ;
; Total GXB Receiver Channel PCS     ; 0 / 4 ( 0 % )                                   ;
; Total GXB Receiver Channel PMA     ; 0 / 4 ( 0 % )                                   ;
; Total GXB Transmitter Channel PCS  ; 0 / 4 ( 0 % )                                   ;
; Total GXB Transmitter Channel PMA  ; 0 / 4 ( 0 % )                                   ;
; Total PLLs                         ; 0 / 4 ( 0 % )                                   ;
; Device                             ; EP4CGX22CF19C6                                  ;
; Timing Models                      ; Final                                           ;
+------------------------------------+-------------------------------------------------+


+-----------------------------------------+
; Flow Settings                           ;
+-------------------+---------------------+
; Option            ; Setting             ;
+-------------------+---------------------+
; Start date & time ; 10/07/2019 22:49:35 ;
; Main task         ; Compilation         ;
; Revision Name     ; lab2_register_file  ;
+-------------------+---------------------+


+-------------------------------------------------------------------------------------------------------------------------+
; Flow Non-Default Global Settings                                                                                        ;
+-------------------------------------+---------------------------------+--------------------+---------------+------------+
; Assignment Name                     ; Value                           ; Default Value      ; Entity Name   ; Section Id ;
+-------------------------------------+---------------------------------+--------------------+---------------+------------+
; COMPILER_SIGNATURE_ID               ; 273406405029048.157047777506306 ; --                 ; --            ; --         ;
; PARTITION_COLOR                     ; 16764057                        ; --                 ; register_lab2 ; Top        ;
; PARTITION_FITTER_PRESERVATION_LEVEL ; PLACEMENT_AND_ROUTING           ; --                 ; register_lab2 ; Top        ;
; PARTITION_NETLIST_TYPE              ; SOURCE                          ; --                 ; register_lab2 ; Top        ;
; TOP_LEVEL_ENTITY                    ; register_lab2                   ; lab2_register_file ; --            ; --         ;
+-------------------------------------+---------------------------------+--------------------+---------------+------------+


+-------------------------------------------------------------------------------------------------------------------------------+
; Flow Elapsed Time                                                                                                             ;
+---------------------------+--------------+-------------------------+---------------------+------------------------------------+
; Module Name               ; Elapsed Time ; Average Processors Used ; Peak Virtual Memory ; Total CPU Time (on all processors) ;
+---------------------------+--------------+-------------------------+---------------------+------------------------------------+
; Analysis & Synthesis      ; 00:00:09     ; 1.0                     ; 696 MB              ; 00:00:09                           ;
; Fitter                    ; 00:00:17     ; 1.4                     ; 1019 MB             ; 00:00:19                           ;
; Assembler                 ; 00:00:03     ; 1.0                     ; 588 MB              ; 00:00:02                           ;
; TimeQuest Timing Analyzer ; 00:00:05     ; 1.0                     ; 622 MB              ; 00:00:05                           ;
; Total                     ; 00:00:34     ; --                      ; --                  ; 00:00:35                           ;
+---------------------------+--------------+-------------------------+---------------------+------------------------------------+


+-----------------------------------------------------------------------------------------------+
; Flow OS Summary                                                                               ;
+---------------------------+------------------+---------------+---------------+----------------+
; Module Name               ; Machine Hostname ; OS Name       ; OS Version    ; Processor type ;
+---------------------------+------------------+---------------+---------------+----------------+
; Analysis & Synthesis      ; vm               ; Manjaro Linux ; Manjaro Linux ; x86_64         ;
; Fitter                    ; vm               ; Manjaro Linux ; Manjaro Linux ; x86_64         ;
; Assembler                 ; vm               ; Manjaro Linux ; Manjaro Linux ; x86_64         ;
; TimeQuest Timing Analyzer ; vm               ; Manjaro Linux ; Manjaro Linux ; x86_64         ;
+---------------------------+------------------+---------------+---------------+----------------+


------------
; Flow Log ;
------------
quartus_map --read_settings_files=on --write_settings_files=off register_lab2 -c lab2_register_file
quartus_fit --read_settings_files=off --write_settings_files=off register_lab2 -c lab2_register_file
quartus_asm --read_settings_files=off --write_settings_files=off register_lab2 -c lab2_register_file
quartus_sta register_lab2 -c lab2_register_file



