Flow report for laba_1
Mon Oct  7 21:54:21 2019
Quartus II 64-Bit Version 13.0.1 Build 232 06/12/2013 Service Pack 1 SJ Web Edition


---------------------
; Table of Contents ;
---------------------
  1. Legal Notice
  2. Flow Summary
  3. Flow Settings
  4. Flow Non-Default Global Settings
  5. Flow Elapsed Time
  6. Flow OS Summary
  7. Flow Log
  8. Flow Messages
  9. Flow Suppressed Messages



----------------
; Legal Notice ;
----------------
Copyright (C) 1991-2013 Altera Corporation
Your use of Altera Corporation's design tools, logic functions 
and other software and tools, and its AMPP partner logic 
functions, and any output files from any of the foregoing 
(including device programming or simulation files), and any 
associated documentation or information are expressly subject 
to the terms and conditions of the Altera Program License 
Subscription Agreement, Altera MegaCore Function License 
Agreement, or other applicable license agreement, including, 
without limitation, that your use is for the sole purpose of 
programming logic devices manufactured by Altera and sold by 
Altera or its authorized distributors.  Please refer to the 
applicable agreement for further details.



+--------------------------------------------------------------------------------------+
; Flow Summary                                                                         ;
+------------------------------------+-------------------------------------------------+
; Flow Status                        ; Successful - Mon Oct  7 21:54:18 2019           ;
; Quartus II 64-Bit Version          ; 13.0.1 Build 232 06/12/2013 SP 1 SJ Web Edition ;
; Revision Name                      ; laba_1                                          ;
; Top-level Entity Name              ; lab1                                            ;
; Family                             ; Cyclone II                                      ;
; Device                             ; EP2C35F672C6                                    ;
; Timing Models                      ; Final                                           ;
; Total logic elements               ; 33 / 33,216 ( < 1 % )                           ;
;     Total combinational functions  ; 33 / 33,216 ( < 1 % )                           ;
;     Dedicated logic registers      ; 32 / 33,216 ( < 1 % )                           ;
; Total registers                    ; 32                                              ;
; Total pins                         ; 68 / 475 ( 14 % )                               ;
; Total virtual pins                 ; 0                                               ;
; Total memory bits                  ; 0 / 483,840 ( 0 % )                             ;
; Embedded Multiplier 9-bit elements ; 0 / 70 ( 0 % )                                  ;
; Total PLLs                         ; 0 / 4 ( 0 % )                                   ;
+------------------------------------+-------------------------------------------------+


+-----------------------------------------+
; Flow Settings                           ;
+-------------------+---------------------+
; Option            ; Setting             ;
+-------------------+---------------------+
; Start date & time ; 10/07/2019 21:53:55 ;
; Main task         ; Compilation         ;
; Revision Name     ; laba_1              ;
+-------------------+---------------------+


+------------------------------------------------------------------------------------------------------------------------+
; Flow Non-Default Global Settings                                                                                       ;
+-------------------------------------+---------------------------------------+---------------+-------------+------------+
; Assignment Name                     ; Value                                 ; Default Value ; Entity Name ; Section Id ;
+-------------------------------------+---------------------------------------+---------------+-------------+------------+
; COMPILER_SIGNATURE_ID               ; 273406405029048.157047443506693       ; --            ; --          ; --         ;
; IP_TOOL_NAME                        ; LPM_MUX                               ; --            ; --          ; --         ;
; IP_TOOL_VERSION                     ; 13.0                                  ; --            ; --          ; --         ;
; MAX_CORE_JUNCTION_TEMP              ; 85                                    ; --            ; --          ; --         ;
; MIN_CORE_JUNCTION_TEMP              ; 0                                     ; --            ; --          ; --         ;
; MISC_FILE                           ; ../src/lpm_mux0.bsf                   ; --            ; --          ; --         ;
; MISC_FILE                           ; ../src/lpm_mux0_inst.v                ; --            ; --          ; --         ;
; MISC_FILE                           ; ../src/lpm_mux0_bb.v                  ; --            ; --          ; --         ;
; MISC_FILE                           ; ../src/lpm_mux0_syn.v                 ; --            ; --          ; --         ;
; PARTITION_COLOR                     ; 16764057                              ; --            ; lab1        ; Top        ;
; PARTITION_FITTER_PRESERVATION_LEVEL ; PLACEMENT_AND_ROUTING                 ; --            ; lab1        ; Top        ;
; PARTITION_NETLIST_TYPE              ; SOURCE                                ; --            ; lab1        ; Top        ;
; POWER_BOARD_THERMAL_MODEL           ; None (CONSERVATIVE)                   ; --            ; --          ; --         ;
; POWER_PRESET_COOLING_SOLUTION       ; 23 MM HEAT SINK WITH 200 LFPM AIRFLOW ; --            ; --          ; --         ;
; TOP_LEVEL_ENTITY                    ; lab1                                  ; laba_1        ; --          ; --         ;
+-------------------------------------+---------------------------------------+---------------+-------------+------------+


+-------------------------------------------------------------------------------------------------------------------------------+
; Flow Elapsed Time                                                                                                             ;
+---------------------------+--------------+-------------------------+---------------------+------------------------------------+
; Module Name               ; Elapsed Time ; Average Processors Used ; Peak Virtual Memory ; Total CPU Time (on all processors) ;
+---------------------------+--------------+-------------------------+---------------------+------------------------------------+
; Analysis & Synthesis      ; 00:00:02     ; 1.0                     ; 548 MB              ; 00:00:02                           ;
; Fitter                    ; 00:00:11     ; 1.5                     ; 751 MB              ; 00:00:11                           ;
; Assembler                 ; 00:00:05     ; 1.0                     ; 543 MB              ; 00:00:05                           ;
; TimeQuest Timing Analyzer ; 00:00:01     ; 1.0                     ; 503 MB              ; 00:00:01                           ;
; Total                     ; 00:00:19     ; --                      ; --                  ; 00:00:19                           ;
+---------------------------+--------------+-------------------------+---------------------+------------------------------------+


+-----------------------------------------------------------------------------------------------+
; Flow OS Summary                                                                               ;
+---------------------------+------------------+---------------+---------------+----------------+
; Module Name               ; Machine Hostname ; OS Name       ; OS Version    ; Processor type ;
+---------------------------+------------------+---------------+---------------+----------------+
; Analysis & Synthesis      ; vm               ; Manjaro Linux ; Manjaro Linux ; x86_64         ;
; Fitter                    ; vm               ; Manjaro Linux ; Manjaro Linux ; x86_64         ;
; Assembler                 ; vm               ; Manjaro Linux ; Manjaro Linux ; x86_64         ;
; TimeQuest Timing Analyzer ; vm               ; Manjaro Linux ; Manjaro Linux ; x86_64         ;
+---------------------------+------------------+---------------+---------------+----------------+


------------
; Flow Log ;
------------
quartus_map --read_settings_files=on --write_settings_files=off lab1 -c laba_1
quartus_fit --read_settings_files=off --write_settings_files=off lab1 -c laba_1
quartus_asm --read_settings_files=off --write_settings_files=off lab1 -c laba_1
quartus_sta lab1 -c laba_1



